android-app/app/proguard-rules.pro
# Add project specific ProGuard rules here.
# You can control the set of applied configuration files using the
# proguardFiles setting in build.gradle.

# Keep WebView JavaScript interface
-keepclassmembers class * {
    @android.webkit.JavascriptInterface <methods>;
}

# Keep MainActivity
-keep class com.maya.astrology.MainActivity { *; }

# WebView
-keepclassmembers class android.webkit.WebView {
    public *;
}

-keepclassmembers class * extends android.webkit.WebViewClient {
    public void *(android.webkit.WebView, java.lang.String, android.graphics.Bitmap);
    public boolean *(android.webkit.WebView, java.lang.String);
    public void *(android.webkit.WebView, java.lang.String);
}

# Keep file provider
-keep class androidx.core.content.FileProvider { *; }