android-app/app/build/outputs/mapping/release/seeds.txt
com.maya.astrology.MayaFirebaseMessagingService
com.maya.astrology.MainActivity
com.maya.astrology.MainActivity: android.net.ConnectivityManager$NetworkCallback networkCallback
com.maya.astrology.MainActivity: androidx.activity.result.ActivityResultLauncher fileChooserLauncher
com.maya.astrology.MainActivity: java.lang.String cameraPhotoPath
com.maya.astrology.MainActivity: java.lang.String pendingGeolocationOrigin
com.maya.astrology.MainActivity: androidx.activity.result.ActivityResultLauncher notificationPermissionLauncher
com.maya.astrology.MainActivity: java.lang.String TAG
com.maya.astrology.MainActivity: com.maya.astrology.MainActivity$Companion Companion
com.maya.astrology.MainActivity: android.webkit.GeolocationPermissions$Callback pendingGeolocationCallback
com.maya.astrology.MainActivity: android.webkit.ValueCallback filePathCallback
com.maya.astrology.MainActivity: androidx.activity.result.ActivityResultLauncher cameraPermissionLauncher
com.maya.astrology.MainActivity: java.lang.String webAppUrl
com.maya.astrology.MainActivity: com.maya.astrology.databinding.ActivityMainBinding binding
com.maya.astrology.MainActivity: java.lang.String pendingNotificationUrl
com.maya.astrology.MainActivity: android.net.ConnectivityManager connectivityManager
com.maya.astrology.MainActivity: boolean isNetworkAvailable
com.maya.astrology.MainActivity: androidx.activity.result.ActivityResultLauncher locationPermissionLauncher
com.maya.astrology.MainActivity: void onCreate(android.os.Bundle)
com.maya.astrology.MainActivity: void requestNotificationPermissionIfNeeded$lambda$14(android.content.DialogInterface,int)
com.maya.astrology.MayaFirebaseMessagingService: MayaFirebaseMessagingService()
com.maya.astrology.MainActivity: void refreshFirebaseToken$lambda$15(com.maya.astrology.MainActivity,com.google.android.gms.tasks.Task)
com.maya.astrology.MainActivity$setupWebView$1$2: void onPageFinished(android.webkit.WebView,java.lang.String)
com.maya.astrology.MainActivity: java.lang.String access$getWebAppUrl$p(com.maya.astrology.MainActivity)
com.maya.astrology.MainActivity: void requestCameraPermission()
com.maya.astrology.MainActivity: java.lang.String resolveAppUrl(java.lang.String)
com.maya.astrology.MainActivity: void onBackPressed$lambda$21(com.maya.astrology.MainActivity,android.content.DialogInterface,int)
com.maya.astrology.MainActivity: void access$showLoading(com.maya.astrology.MainActivity)
com.maya.astrology.MainActivity: void access$setPendingGeolocationCallback$p(com.maya.astrology.MainActivity,android.webkit.GeolocationPermissions$Callback)
com.maya.astrology.MainActivity: void requestCameraPermission$lambda$12(android.content.DialogInterface,int)
com.maya.astrology.MainActivity: java.lang.String getLaunchUrl()
com.maya.astrology.MainActivity: void requestLocationPermission$lambda$9(com.maya.astrology.MainActivity,android.content.DialogInterface,int)
com.maya.astrology.MainActivity: void checkNetworkAndLoad()
com.maya.astrology.MainActivity: void hideOfflinePage()
com.maya.astrology.MainActivity: MainActivity()
com.maya.astrology.MainActivity: void access$setNetworkAvailable$p(com.maya.astrology.MainActivity,boolean)
com.maya.astrology.MainActivity: boolean hasNotificationPermission()
com.maya.astrology.MainActivity: java.io.File createImageFile()
com.maya.astrology.MainActivity: void setupOfflinePage()
com.maya.astrology.MainActivity: void access$showOfflinePage(com.maya.astrology.MainActivity)
com.maya.astrology.MainActivity: void onDestroy()
com.maya.astrology.MainActivity: void access$requestCameraPermission(com.maya.astrology.MainActivity)
com.maya.astrology.MainActivity: void setupPermissionLaunchers$lambda$1(com.maya.astrology.MainActivity,java.util.Map)
com.maya.astrology.MainActivity: boolean access$hasLocationPermission(com.maya.astrology.MainActivity)
com.maya.astrology.MainActivity: void requestNotificationPermissionIfNeeded()
...
androidx.core.view.WindowInsetsCompat$Impl30: void copyRootViewBounds(android.view.View)
androidx.transition.TransitionUtils$Api28Impl: android.graphics.Bitmap createBitmap(android.graphics.Picture)
org.chromium.support_lib_boundary.WebMessagePortBoundaryInterface: void setWebMessageCallback(java.lang.reflect.InvocationHandler,android.os.Handler)
androidx.appcompat.view.menu.ListMenuItemView: void setChecked(boolean)
org.chromium.support_lib_boundary.ServiceWorkerControllerBoundaryInterface: void setServiceWorkerClient(java.lang.reflect.InvocationHandler)
androidx.appcompat.widget.Toolbar: void setCollapseIcon(int)
com.google.android.material.chip.Chip: void setChipEndPaddingResource(int)
com.google.android.material.textfield.TextInputLayout: void setErrorContentDescription(java.lang.CharSequence)
androidx.appcompat.app.AppCompatActivity: void onTitleChanged(java.lang.CharSequence,int)
androidx.core.view.ViewCompat$Api30Impl: java.lang.CharSequence getStateDescription(android.view.View)
androidx.activity.ComponentActivity: void getOnBackPressedDispatcher$annotations()
org.chromium.support_lib_boundary.WebViewProviderFactoryBoundaryInterface: java.lang.reflect.InvocationHandler createWebView(android.webkit.WebView)
com.google.android.material.textfield.TextInputLayout: TextInputLayout(android.content.Context,android.util.AttributeSet)
androidx.constraintlayout.helper.widget.Flow: void setPaddingLeft(int)
androidx.constraintlayout.widget.ConstraintHelper: int[] getReferencedIds()
com.google.android.material.textfield.TextInputLayout: void setErrorIconTintMode(android.graphics.PorterDuff$Mode)
com.google.android.material.chip.Chip: float getTextStartPadding()
androidx.appcompat.widget.AppCompatCheckedTextView: android.content.res.ColorStateList getSupportCheckMarkTintList()
androidx.core.graphics.drawable.IconCompatParcelizer: void write(androidx.core.graphics.drawable.IconCompat,androidx.versionedparcelable.VersionedParcel)
androidx.appcompat.widget.AppCompatRadioButton: void setFilters(android.text.InputFilter[])
androidx.appcompat.widget.DropDownListView$Api21Impl: void drawableHotspotChanged(android.view.View,float,float)
androidx.lifecycle.Lifecycle$State: androidx.lifecycle.Lifecycle$State[] values()
androidx.coordinatorlayout.widget.CoordinatorLayout: androidx.core.view.WindowInsetsCompat getLastWindowInsets()
androidx.fragment.app.FragmentActivity: void onAttachFragment(androidx.fragment.app.Fragment)
androidx.core.widget.NestedScrollView: float getVerticalScrollFactorCompat()
androidx.appcompat.widget.ViewStubCompat: void setInflatedId(int)
com.google.android.datatransport.cct.internal.NetworkConnectionInfo$NetworkType: com.google.android.datatransport.cct.internal.NetworkConnectionInfo$NetworkType[] values()
com.google.android.material.textfield.TextInputLayout: void setEnabled(boolean)
com.google.android.material.floatingactionbutton.FloatingActionButton$Behavior: FloatingActionButton$Behavior()
org.chromium.support_lib_boundary.WebMessagePayloadBoundaryInterface: int getType()
androidx.appcompat.widget.Toolbar: void setLogoDescription(int)
androidx.core.view.WindowInsetsCompat$Impl29: androidx.core.graphics.Insets getTappableElementInsets()
org.chromium.support_lib_boundary.WebkitToCompatConverterBoundaryInterface: java.lang.Object convertWebResourceError(java.lang.reflect.InvocationHandler)
com.google.android.material.snackbar.Snackbar$SnackbarLayout: void setLayoutParams(android.view.ViewGroup$LayoutParams)
androidx.activity.ComponentActivity: androidx.activity.OnBackPressedDispatcher getOnBackPressedDispatcher()
androidx.appcompat.widget.AppCompatEditText: void setEmojiCompatEnabled(boolean)
androidx.vectordrawable.graphics.drawable.VectorDrawableCompat$VPathRenderer: float getAlpha()
androidx.appcompat.widget.Toolbar: java.util.ArrayList getCurrentMenuItems()
androidx.appcompat.widget.AppCompatEditText: void setSupportBackgroundTintMode(android.graphics.PorterDuff$Mode)