android-app/app/build/outputs/mapping/release/mapping.txt
# compiler: R8
# compiler_version: 8.7.18
# min_api: 24
# common_typos_disable
# {"id":"com.android.tools.r8.mapping","version":"2.2"}
# pg_map_id: f7749d4
# pg_map_hash: SHA-256 f7749d4e54622454192b5fba04442978c015e6f8efa13d151831e997a20358e3
com.maya.astrology.FcmTokenStore -> R8$$REMOVED$$CLASS$$264:
# {"id":"sourceFile","fileName":"FcmTokenStore.kt"}
com.maya.astrology.MainActivity -> com.maya.astrology.MainActivity:
# {"id":"sourceFile","fileName":"MainActivity.kt"}
    com.maya.astrology.MainActivity$Companion Companion -> Companion
      # {"id":"com.android.tools.r8.residualsignature","signature":"LS1/f;"}
    com.maya.astrology.databinding.ActivityMainBinding binding -> binding
      # {"id":"com.android.tools.r8.residualsignature","signature":"LT1/a;"}
    androidx.activity.result.ActivityResultLauncher cameraPermissionLauncher -> cameraPermissionLauncher
      # {"id":"com.android.tools.r8.residualsignature","signature":"Ld/c;"}
    androidx.activity.result.ActivityResultLauncher fileChooserLauncher -> fileChooserLauncher
      # {"id":"com.android.tools.r8.residualsignature","signature":"Ld/c;"}
    androidx.activity.result.ActivityResultLauncher locationPermissionLauncher -> locationPermissionLauncher
      # {"id":"com.android.tools.r8.residualsignature","signature":"Ld/c;"}
    androidx.activity.result.ActivityResultLauncher notificationPermissionLauncher -> notificationPermissionLauncher
      # {"id":"com.android.tools.r8.residualsignature","signature":"Ld/c;"}
    3:5:void com.maya.astrology.MainActivity$Companion.<init>():64:64 -> <clinit>
    3:5:void com.maya.astrology.MainActivity$Companion.<init>(kotlin.jvm.internal.DefaultConstructorMarker):0 -> <clinit>
    3:5:void <clinit>():0 -> <clinit>
    6:8:void <clinit>():0:0 -> <clinit>
    1:3:void onCreate(android.os.Bundle):96:96 -> <init>
com.maya.astrology.MainActivity$$ExternalSyntheticLambda10 -> S1.a:
# {"id":"sourceFile","fileName":"R8$$SyntheticClass"}
# {"id":"com.android.tools.r8.synthesized"}
    int S1.MainActivity$$ExternalSyntheticLambda10.$r8$classId -> f
      # {"id":"com.android.tools.r8.synthesized"}
    com.maya.astrology.MainActivity com.maya.astrology.MainActivity$$InternalSyntheticLambda$1$c370be2caf617f23c569a1c9dcadc19832200d404223ae74f112a1985f823993$1.f$0 -> g
      # {"id":"com.android.tools.r8.synthesized"}
    1:1:void S1.MainActivity$$ExternalSyntheticLambda10.<init>(com.maya.astrology.MainActivity,int):0:0 -> <init>
      # {"id":"com.android.tools.r8.synthesized"}
    1:1:void S1.MainActivity$$ExternalSyntheticLambda10.onClick(android.content.DialogInterface,int):0:0 -> onClick
      # {"id":"com.android.tools.r8.synthesized"}
com.maya.astrology.MainActivity$$ExternalSyntheticLambda11 -> S1.b:
# {"id":"sourceFile","fileName":"R8$$SyntheticClass"}
# {"id":"com.android.tools.r8.synthesized"}
    int S1.MainActivity$$ExternalSyntheticLambda11.$r8$classId -> f
      # {"id":"com.android.tools.r8.synthesized"}
    com.maya.astrology.MainActivity com.maya.astrology.MainActivity$$InternalSyntheticLambda$1$c3aec9f7770121bc9974451f72135b10b75c7b9f267f0202002cfe93614b77c3$0.f$0 -> g
      # {"id":"com.android.tools.r8.synthesized"}
    1:1:void S1.MainActivity$$ExternalSyntheticLambda11.<init>(com.maya.astrology.MainActivity,int):0:0 -> <init>
      # {"id":"com.android.tools.r8.synthesized"}
    1:1:void S1.MainActivity$$ExternalSyntheticLambda11.onActivityResult(java.lang.Object):0:0 -> b
      # {"id":"com.android.tools.r8.synthesized"}
    1:1:void S1.MainActivity$$ExternalSyntheticLambda11.onComplete(S0.Task):0:0 -> g
      # {"id":"com.android.tools.r8.synthesized"}
      # {"id":"com.android.tools.r8.residualsignature","signature":"(LS0/i;)V"}
...
androidx.core.view.accessibility.AccessibilityNodeProviderCompat$AccessibilityNodeProviderApi19 -> M.g:
# {"id":"sourceFile","fileName":"AccessibilityNodeProviderCompat.java"}
    androidx.core.view.accessibility.AccessibilityNodeProviderCompat mCompat -> a
      # {"id":"com.android.tools.r8.residualsignature","signature":"LQ1/c;"}
    1:3:void <init>(androidx.core.view.accessibility.AccessibilityNodeProviderCompat):44:44 -> <init>
      # {"id":"com.android.tools.r8.residualsignature","signature":"(LQ1/c;)V"}
    4:6:void <init>(androidx.core.view.accessibility.AccessibilityNodeProviderCompat):45:45 -> <init>
    1:2:android.view.accessibility.AccessibilityNodeInfo createAccessibilityNodeInfo(int):50:50 -> createAccessibilityNodeInfo
    3:10:android.view.accessibility.AccessibilityNodeInfo createAccessibilityNodeInfo(int):51:51 -> createAccessibilityNodeInfo
    11:13:android.view.accessibility.AccessibilityNodeInfo createAccessibilityNodeInfo(int):55:55 -> createAccessibilityNodeInfo
    1:2:java.util.List findAccessibilityNodeInfosByText(java.lang.String,int):62:62 -> findAccessibilityNodeInfosByText
    3:7:java.util.List findAccessibilityNodeInfosByText(java.lang.String,int):63:63 -> findAccessibilityNodeInfosByText
    1:10:android.view.accessibility.AccessibilityNodeInfo findFocus(int):84:84 -> findFocus
    11:13:android.view.accessibility.AccessibilityNodeInfo findFocus(int):88:88 -> findFocus
androidx.core.view.accessibility.AccessibilityNodeProviderCompat$AccessibilityNodeProviderApi26 -> M.h:
# {"id":"sourceFile","fileName":"AccessibilityNodeProviderCompat.java"}
    1:6:void addExtraDataToAccessibilityNodeInfo(int,android.view.accessibility.AccessibilityNodeInfo,java.lang.String,android.os.Bundle):102:102 -> addExtraDataToAccessibilityNodeInfo
androidx.core.view.accessibility.AccessibilityRecordCompat -> R8$$REMOVED$$CLASS$$84:
# {"id":"sourceFile","fileName":"AccessibilityRecordCompat.java"}
androidx.core.view.accessibility.AccessibilityViewCommand -> M.p:
# {"id":"sourceFile","fileName":"AccessibilityViewCommand.java"}
    boolean perform(android.view.View,androidx.core.view.accessibility.AccessibilityViewCommand$CommandArguments) -> c
      # {"id":"com.android.tools.r8.residualsignature","signature":"(Landroid/view/View;)Z"}
androidx.core.view.accessibility.AccessibilityViewCommand$MoveAtGranularityArguments -> M.i:
# {"id":"sourceFile","fileName":"AccessibilityViewCommand.java"}
androidx.core.view.accessibility.AccessibilityViewCommand$MoveHtmlArguments -> M.j:
# {"id":"sourceFile","fileName":"AccessibilityViewCommand.java"}
androidx.core.view.accessibility.AccessibilityViewCommand$MoveWindowArguments -> M.k:
# {"id":"sourceFile","fileName":"AccessibilityViewCommand.java"}
androidx.core.view.accessibility.AccessibilityViewCommand$ScrollToPositionArguments -> M.l:
# {"id":"sourceFile","fileName":"AccessibilityViewCommand.java"}
androidx.core.view.accessibility.AccessibilityViewCommand$SetProgressArguments -> M.m:
# {"id":"sourceFile","fileName":"AccessibilityViewCommand.java"}
androidx.core.view.accessibility.AccessibilityViewCommand$SetSelectionArguments -> M.n:
# {"id":"sourceFile","fileName":"AccessibilityViewCommand.java"}
androidx.core.view.accessibility.AccessibilityViewCommand$SetTextArguments -> M.o:
# {"id":"sourceFile","fileName":"AccessibilityViewCommand.java"}
androidx.core.view.animation.PathInterpolatorCompat -> R8$$REMOVED$$CLASS$$86:
# {"id":"sourceFile","fileName":"PathInterpolatorCompat.java"}
androidx.core.view.animation.PathInterpolatorCompat$Api21Impl -> R8$$REMOVED$$CLASS$$85:
# {"id":"sourceFile","fileName":"PathInterpolatorCompat.java"}