android-app/app/build/outputs/mapping/release/usage.txt
com.maya.astrology.FcmTokenStore:
    private static final java.lang.String KEY_FCM_TOKEN
    private static final java.lang.String PREFERENCES_NAME
com.maya.astrology.MayaFirebaseMessagingService:
    private static final java.lang.String TAG
com.maya.astrology.MayaPushNotifications:
    private static final java.lang.String CHANNEL_DESCRIPTION
    public static final java.lang.String CHANNEL_ID
    private static final java.lang.String CHANNEL_NAME
    public static final java.lang.String EXTRA_NOTIFICATION_BODY
    public static final java.lang.String EXTRA_NOTIFICATION_TITLE
    public static final java.lang.String EXTRA_NOTIFICATION_URL
com.maya.astrology.R$color:
    public static int background_card
    public static int background_dark
    public static int black
    public static int danger
    public static int ic_launcher_background
    public static int maya_accent
    public static int maya_primary_dark
    public static int maya_secondary
    public static int success
    public static int system_bar_color
    public static int text_muted
    public static int text_primary
    public static int text_secondary
    public static int warning
    public static int white
    private void <init>()
com.maya.astrology.R$drawable:
    public static int ic_launcher_background
    public static int ic_launcher_foreground
    public static int ic_offline
    public static int splash_icon
    private void <init>()
com.maya.astrology.R$id:
    private void <init>()
com.maya.astrology.R$layout:
    private void <init>()
com.maya.astrology.R$mipmap
com.maya.astrology.R$string:
    public static int camera_permission_message
    public static int camera_permission_title
    public static int exit_message
    public static int exit_title
    public static int firebase_database_url
    public static int gcm_defaultSenderId
    public static int google_api_key
    public static int google_app_id
    public static int google_crash_reporting_api_key
    public static int google_storage_bucket
    public static int loading
    public static int location_permission_message
    public static int location_permission_title
    public static int no
    public static int offline_message
    public static int offline_title
    public static int project_id
    public static int retry
    public static int yes
    private void <init>()
com.maya.astrology.R$style
com.maya.astrology.R$xml
com.maya.astrology.R
com.maya.astrology.databinding.ActivityMainBinding:
    public synthetic bridge android.view.View getRoot()
com.maya.astrology.FcmTokenStore
com.maya.astrology.MayaFirebaseMessagingService$Companion
com.maya.astrology.MayaFirebaseMessagingService:
    public static final com.maya.astrology.MayaFirebaseMessagingService$Companion Companion
    static void <clinit>()
    public static void showNotification()
com.maya.astrology.MayaPushNotifications
com.maya.astrology.R$color
com.maya.astrology.R$drawable
com.maya.astrology.R$id
com.maya.astrology.R$layout
com.maya.astrology.R$string
com.maya.astrology.databinding.ActivityMainBinding:
    public final android.widget.FrameLayout rootView
    public static android.widget.FrameLayout getRoot()
...
androidx.coordinatorlayout.widget.CoordinatorLayout:
    static final int EVENT_NESTED_SCROLL
    static final int EVENT_PRE_DRAW
    static final int EVENT_VIEW_REMOVED
    static final java.lang.String TAG
    private static final int TYPE_ON_INTERCEPT
    private static final int TYPE_ON_TOUCH
    public void <init>(android.content.Context)
    public boolean doViewsOverlap(android.view.View,android.view.View)
androidx.coordinatorlayout.widget.DirectedAcyclicGraph:
    int size()
androidx.coordinatorlayout.widget.ViewGroupUtils:
    private void <init>()
androidx.core.R$attr:
    public static int font
    public static int fontProviderAuthority
    public static int fontProviderCerts
    public static int fontProviderFallbackQuery
    public static int fontProviderFetchStrategy
    public static int fontProviderFetchTimeout
    public static int fontProviderPackage
    public static int fontProviderQuery
    public static int fontProviderSystemFontFamily
    public static int fontStyle
    public static int fontVariationSettings
    public static int fontWeight
    public static int queryPatterns
    public static int shortcutMatchRequired
    public static int ttcIndex
    private void <init>()
androidx.core.R$color
androidx.core.R$dimen:
    public static int compat_button_inset_horizontal_material
    public static int compat_button_inset_vertical_material
    public static int compat_button_padding_horizontal_material
    public static int compat_button_padding_vertical_material
    public static int compat_control_corner_material
    public static int notification_action_icon_size
    public static int notification_action_text_size
    public static int notification_big_circle_margin
    public static int notification_content_margin_start
    public static int notification_large_icon_height
    public static int notification_large_icon_width
    public static int notification_main_column_padding_top
    public static int notification_media_narrow_margin
    public static int notification_right_icon_size
    public static int notification_right_side_padding_top
    public static int notification_small_icon_background_padding
    public static int notification_small_icon_size_as_large
    public static int notification_subtext_size
    public static int notification_top_pad
    public static int notification_top_pad_large_text
    private void <init>()
androidx.core.R$drawable
androidx.core.R$id:
    public static int action_container
    public static int action_divider
    public static int action_image
    public static int action_text
    public static int actions
    public static int async
    public static int blocking
    public static int chronometer
    public static int dialog_button
    public static int edit_text_id
    public static int forever
    public static int hide_ime_id
    public static int icon
    public static int icon_group
    public static int info
    public static int italic
    public static int line1
    public static int line3
    public static int normal
    public static int notification_background
    public static int notification_main_column
    public static int notification_main_column_container
    public static int right_icon
    public static int right_side
    public static int text
    public static int text2
    public static int time
    public static int title
    private void <init>()
androidx.core.R$integer
androidx.core.R$layout
androidx.core.R$string
androidx.core.R$style
androidx.core.R$styleable:
    public static int Capability_queryPatterns
    public static int Capability_shortcutMatchRequired
    private void <init>()
androidx.core.R
androidx.core.accessibilityservice.AccessibilityServiceInfoCompat
androidx.core.animation.AnimatorKt$addListener$1
androidx.core.animation.AnimatorKt$addListener$2
androidx.core.animation.AnimatorKt$addListener$3
androidx.core.animation.AnimatorKt$addListener$4
androidx.core.animation.AnimatorKt$addListener$listener$1